# JRE version: Java(TM) SE Runtime Environment (18.0.1.1+2) (build 18.0.1.1+2-6)
# Java VM: Java HotSpot(TM) 64-Bit Server VM (18.0.1.1+2-6, mixed mode, sharing, tiered, compressed oops, compressed class ptrs, g1 gc, windows-amd64)
GC Precious Log:
 CardTable entry size: 512
 Card Set container configuration: InlinePtr #cards 4 size 8 Array Of Cards #cards 16 size 48 Howl #buckets 8 coarsen threshold 3686 Howl Bitmap #cards 512 size 80 coarsen threshold 460 Card regions per heap region 1 cards per card region 4096
 CPUs: 24 total, 24 available
 Memory: 16304M
 Large Page Support: Disabled
 NUMA Support: Disabled
 Compressed Oops: Enabled (Zero based)
 Heap Region Size: 2M
 Heap Min Capacity: 8M
 Heap Initial Capacity: 256M
 Heap Max Capacity: 4078M
 Pre-touch: Disabled
 Parallel Workers: 18
 Concurrent Workers: 5
 Concurrent Refinement Workers: 18
 Periodic GC: Disabled
Heap:
 garbage-first heap   total 139264K, used 69022K [0x0000000701200000, 0x0000000800000000)
  region size 2048K, 8 young (16384K), 2 survivors (4096K)
 Metaspace       used 35637K, committed 36224K, reserved 1114112K
  class space    used 4002K, committed 4288K, reserved 1048576K
GC Heap History (20 events):
Event: 3.125 GC heap before
{Heap before GC invocations=3 (full 0):
 garbage-first heap   total 262144K, used 22969K [0x0000000701200000, 0x0000000800000000)
  region size 2048K, 9 young (18432K), 7 survivors (14336K)
 Metaspace       used 21159K, committed 21504K, reserved 1114112K
  class space    used 2356K, committed 2496K, reserved 1048576K
}
Event: 3.132 GC heap after
{Heap after GC invocations=4 (full 0):
 garbage-first heap   total 262144K, used 21726K [0x0000000701200000, 0x0000000800000000)
  region size 2048K, 2 young (4096K), 2 survivors (4096K)
 Metaspace       used 21159K, committed 21504K, reserved 1114112K
  class space    used 2356K, committed 2496K, reserved 1048576K
}
Event: 3.910 GC heap before
{Heap before GC invocations=5 (full 0):
 garbage-first heap   total 90112K, used 70878K [0x0000000701200000, 0x0000000800000000)
  region size 2048K, 26 young (53248K), 2 survivors (4096K)
 Metaspace       used 27287K, committed 27648K, reserved 1114112K
  class space    used 3053K, committed 3200K, reserved 1048576K
}
Event: 3.920 GC heap after
{Heap after GC invocations=6 (full 0):
 garbage-first heap   total 92160K, used 36004K [0x0000000701200000, 0x0000000800000000)
  region size 2048K, 4 young (8192K), 4 survivors (8192K)
 Metaspace       used 27287K, committed 27648K, reserved 1114112K
  class space    used 3053K, committed 3200K, reserved 1048576K
}
Event: 3.949 GC heap before
{Heap before GC invocations=6 (full 0):
 garbage-first heap   total 92160K, used 38052K [0x0000000701200000, 0x0000000800000000)
  region size 2048K, 5 young (10240K), 4 survivors (8192K)
 Metaspace       used 27436K, committed 27840K, reserved 1114112K
  class space    used 3064K, committed 3200K, reserved 1048576K
}
Event: 3.953 GC heap after
{Heap after GC invocations=7 (full 0):
 garbage-first heap   total 92160K, used 37687K [0x0000000701200000, 0x0000000800000000)
  region size 2048K, 1 young (2048K), 1 survivors (2048K)
 Metaspace       used 27436K, committed 27840K, reserved 1114112K
  class space    used 3064K, committed 3200K, reserved 1048576K
}
Event: 4.205 GC heap before
{Heap before GC invocations=7 (full 0):
 garbage-first heap   total 92160K, used 56119K [0x0000000701200000, 0x0000000800000000)
  region size 2048K, 11 young (22528K), 1 survivors (2048K)
 Metaspace       used 28328K, committed 28672K, reserved 1114112K
  class space    used 3189K, committed 3328K, reserved 1048576K
}
Event: 4.206 GC heap after
{Heap after GC invocations=8 (full 0):
 garbage-first heap   total 92160K, used 36996K [0x0000000701200000, 0x0000000800000000)
  region size 2048K, 1 young (2048K), 1 survivors (2048K)
 Metaspace       used 28328K, committed 28672K, reserved 1114112K
  class space    used 3189K, committed 3328K, reserved 1048576K
}
Event: 4.579 GC heap before
{Heap before GC invocations=8 (full 0):
 garbage-first heap   total 92160K, used 61572K [0x0000000701200000, 0x0000000800000000)
  region size 2048K, 13 young (26624K), 1 survivors (2048K)
 Metaspace       used 30652K, committed 31168K, reserved 1114112K
  class space    used 3500K, committed 3712K, reserved 1048576K
}
Event: 4.583 GC heap after
{Heap after GC invocations=9 (full 0):
 garbage-first heap   total 92160K, used 38959K [0x0000000701200000, 0x0000000800000000)
  region size 2048K, 2 young (4096K), 2 survivors (4096K)
 Metaspace       used 30652K, committed 31168K, reserved 1114112K
  class space    used 3500K, committed 3712K, reserved 1048576K
}
Event: 4.828 GC heap before
{Heap before GC invocations=9 (full 0):
 garbage-first heap   total 92160K, used 65583K [0x0000000701200000, 0x0000000800000000)
  region size 2048K, 14 young (28672K), 2 survivors (4096K)
 Metaspace       used 30789K, committed 31232K, reserved 1114112K
  class space    used 3506K, committed 3712K, reserved 1048576K
}
Event: 4.837 GC heap after
{Heap after GC invocations=10 (full 0):
 garbage-first heap   total 92160K, used 50907K [0x0000000701200000, 0x0000000800000000)
  region size 2048K, 2 young (4096K), 2 survivors (4096K)
 Metaspace       used 30789K, committed 31232K, reserved 1114112K
  class space    used 3506K, committed 3712K, reserved 1048576K
}
Event: 4.975 GC heap before
{Heap before GC invocations=10 (full 0):
 garbage-first heap   total 92160K, used 65243K [0x0000000701200000, 0x0000000800000000)
  region size 2048K, 9 young (18432K), 2 survivors (4096K)
 Metaspace       used 30797K, committed 31232K, reserved 1114112K
  class space    used 3506K, committed 3712K, reserved 1048576K
}
Event: 4.980 GC heap after
{Heap after GC invocations=11 (full 0):
 garbage-first heap   total 139264K, used 55791K [0x0000000701200000, 0x0000000800000000)
  region size 2048K, 2 young (4096K), 2 survivors (4096K)
 Metaspace       used 30797K, committed 31232K, reserved 1114112K
  class space    used 3506K, committed 3712K, reserved 1048576K
}
Event: 5.459 GC heap before
{Heap before GC invocations=12 (full 0):
 garbage-first heap   total 139264K, used 92655K [0x0000000701200000, 0x0000000800000000)
  region size 2048K, 21 young (43008K), 2 survivors (4096K)
 Metaspace       used 31712K, committed 32256K, reserved 1114112K
  class space    used 3606K, committed 3840K, reserved 1048576K
}
Event: 5.464 GC heap after
{Heap after GC invocations=13 (full 0):
 garbage-first heap   total 139264K, used 63008K [0x0000000701200000, 0x0000000800000000)
  region size 2048K, 3 young (6144K), 3 survivors (6144K)
 Metaspace       used 31712K, committed 32256K, reserved 1114112K
  class space    used 3606K, committed 3840K, reserved 1048576K
}
Event: 5.485 GC heap before
{Heap before GC invocations=13 (full 0):
 garbage-first heap   total 139264K, used 65056K [0x0000000701200000, 0x0000000800000000)
  region size 2048K, 4 young (8192K), 3 survivors (6144K)
 Metaspace       used 31795K, committed 32320K, reserved 1114112K
  class space    used 3618K, committed 3840K, reserved 1048576K
}
Event: 5.490 GC heap after
{Heap after GC invocations=14 (full 0):
 garbage-first heap   total 139264K, used 57255K [0x0000000701200000, 0x0000000800000000)
  region size 2048K, 1 young (2048K), 1 survivors (2048K)
 Metaspace       used 31795K, committed 32320K, reserved 1114112K
  class space    used 3618K, committed 3840K, reserved 1048576K
}
Event: 5.994 GC heap before
{Heap before GC invocations=14 (full 0):
 garbage-first heap   total 139264K, used 94119K [0x0000000701200000, 0x0000000800000000)
  region size 2048K, 20 young (40960K), 1 survivors (2048K)
 Metaspace       used 34174K, committed 34752K, reserved 1114112K
  class space    used 3820K, committed 4096K, reserved 1048576K
}
Event: 5.997 GC heap after
{Heap after GC invocations=15 (full 0):
 garbage-first heap   total 139264K, used 58782K [0x0000000701200000, 0x0000000800000000)
  region size 2048K, 2 young (4096K), 2 survivors (4096K)
 Metaspace       used 34174K, committed 34752K, reserved 1114112K
  class space    used 3820K, committed 4096K, reserved 1048576K
}

